1475,1654595910,20220607-095830,STD_v2_bcddc2cfcb68,,9,GPS,51.218124,0.440146,
1476,1654595924,20220607-095844,STD_v2_bcddc2cfcb68,,9,GPS,51.218056,0.440130,
1477,1654595938,20220607-095858,STD_v2_bcddc2cfcb68,,9,GPS,51.218052,0.440114,
1478,1654595954,20220607-095914,STD_v2_bcddc2cfcb68,,9,GPS,51.218060,0.440107,
1479,1654595974,20220607-095934,STD_v2_bcddc2cfcb68,,9,GPS,51.218058,0.440107,
1480,1654595999,20220607-095959,STD_v2_bcddc2cfcb68,,9,GPS,51.218058,0.440107,
1481,1654596013,20220607-100013,STD_v2_bcddc2cfcb68,,9,GPS,51.218065,0.440059,
1482,1654596052,20220607-100052,STD_v2_bcddc2cfcb68,,9,GPS,51.218070,0.440051,
1483,1654596252,20220607-100412,STD_v2_bcddc2cfcb68,,9,GPS,51.218032,0.440064,
1484,1654596325,20220607-100525,STD_v2_bcddc2cfcb68,,9,GPS,51.218033,0.440287,
1485,1654596353,20220607-100553,STD_v2_bcddc2cfcb68,,9,GPS,51.218022,0.440300,
1486,1654596372,20220607-100612,STD_v2_bcddc2cfcb68,,9,GPS,51.218022,0.440300,
1487,1654596401,20220607-100641,STD_v2_bcddc2cfcb68,unknown,9,CALLED,51.218022,0.440300,
1488,1654596439,20220607-100719,STD_v2_bcddc2cfcb68,,9,GPS,51.218014,0.440316,
1489,1654596461,20220607-100741,STD_v2_bcddc2cfcb68,,9,GPS,51.217999,0.440320,
1490,1654596480,20220607-100800,STD_v2_bcddc2cfcb68,,9,GPS,51.218019,0.440298,
1491,1654596500,20220607-100820,STD_v2_bcddc2cfcb68,,9,GPS,51.218021,0.440298,
1492,1654596520,20220607-100840,STD_v2_bcddc2cfcb68,,9,GPS,51.218021,0.440297,
1493,1654596540,20220607-100900,STD_v2_bcddc2cfcb68,,9,GPS,51.218021,0.440298,
1494,1654596560,20220607-100920,STD_v2_bcddc2cfcb68,,9,GPS,51.218021,0.440298,
1495,1654596580,20220607-100940,STD_v2_bcddc2cfcb68,,9,GPS,51.218021,0.440297,
1496,1654596600,20220607-101000,STD_v2_bcddc2cfcb68,,9,GPS,51.218020,0.440298,
1497,1654596620,20220607-101020,STD_v2_bcddc2cfcb68,,9,GPS,51.218020,0.440298,
1498,1654596640,20220607-101040,STD_v2_bcddc2cfcb68,,9,GPS,51.218020,0.440298,
1499,1654596677,20220607-101117,STD_v2_246f284a6c94,admin,2,INIT,53.250708,-0.544523,
1500,1654596679,20220607-101119,STD_v2_bcddc2cfcb68,admin,9,INIT,51.218020,0.440298,
1501,1654596680,20220607-101120,STD_v2_bcddc2cfcb68,,10,GPS,51.218020,0.440298,
1502,1654596702,20220607-101142,STD_v2_bcddc2cfcb68,,10,GPS,51.218020,0.440298,
1503,1654596720,20220607-101200,STD_v2_bcddc2cfcb68,,10,GPS,51.218019,0.440298,
1504,1654596740,20220607-101220,STD_v2_bcddc2cfcb68,,10,GPS,51.218019,0.440298,
1505,1654596760,20220607-101240,STD_v2_bcddc2cfcb68,,10,GPS,51.218019,0.440298,
1506,1654596780,20220607-101300,STD_v2_bcddc2cfcb68,,10,GPS,51.218019,0.440298,
1507,1654596800,20220607-101320,STD_v2_bcddc2cfcb68,,10,GPS,51.218019,0.440298,
1508,1654596820,20220607-101340,STD_v2_bcddc2cfcb68,,10,GPS,51.218018,0.440298,
1509,1654597031,20220607-101711,STD_v2_bcddc2cfcb68,,10,GPS,51.218044,0.440294,
1510,1654597048,20220607-101728,STD_v2_bcddc2cfcb68,,10,GPS,51.218045,0.440295,
1511,1654597064,20220607-101744,STD_v2_bcddc2cfcb68,,10,GPS,51.218044,0.440295,
1512,1654597078,20220607-101758,STD_v2_bcddc2cfcb68,,10,GPS,51.218044,0.440295,
1513,1654597092,20220607-101812,STD_v2_bcddc2cfcb68,,10,GPS,51.218043,0.440295,
1514,1654597106,20220607-101826,STD_v2_bcddc2cfcb68,,10,GPS,51.218041,0.440296,
1515,1654597120,20220607-101840,STD_v2_bcddc2cfcb68,,10,GPS,51.218041,0.440296,
1516,1654598340,20220607-103900,STD_v2_bcddc2cfcb68,,10,GPS,51.217943,0.440973,
1517,1654598354,20220607-103914,STD_v2_bcddc2cfcb68,,10,GPS,51.217943,0.440973,
1518,1654598369,20220607-103929,STD_v2_bcddc2cfcb68,,10,GPS,51.217942,0.440974,
1519,1654598382,20220607-103942,STD_v2_bcddc2cfcb68,,10,GPS,51.217942,0.440974,
1520,1654598396,20220607-103956,STD_v2_bcddc2cfcb68,,10,GPS,51.217971,0.440904,
1521,1654598412,20220607-104012,STD_v2_bcddc2cfcb68,,10,GPS,51.217953,0.440922,
1522,1654598427,20220607-104027,STD_v2_bcddc2cfcb68,,10,GPS,51.217923,0.440983,
1523,1654598479,20220607-104119,STD_v2_bcddc2cfcb68,,10,GPS,51.217927,0.441004,
1524,1654598499,20220607-104139,STD_v2_bcddc2cfcb68,,10,GPS,51.217951,0.440992,
1525,1654598518,20220607-104158,STD_v2_bcddc2cfcb68,,10,GPS,51.217952,0.440990,
1526,1654598538,20220607-104218,STD_v2_bcddc2cfcb68,,10,GPS,51.217949,0.440982,
1527,1654598558,20220607-104238,STD_v2_bcddc2cfcb68,,10,GPS,51.217912,0.441023,
1528,1654598582,20220607-104302,STD_v2_bcddc2cfcb68,,10,GPS,51.217916,0.441011,
1529,1654598620,20220607-104340,STD_v2_bcddc2cfcb68,,10,GPS,51.217929,0.440979,
1530,1654598638,20220607-104358,STD_v2_bcddc2cfcb68,,10,GPS,51.217941,0.440944,
1531,1654598658,20220607-104418,STD_v2_bcddc2cfcb68,,10,GPS,51.217946,0.440940,
1532,1654598678,20220607-104438,STD_v2_bcddc2cfcb68,,10,GPS,51.217953,0.440933,
1533,1654598698,20220607-104458,STD_v2_bcddc2cfcb68,,10,GPS,51.217959,0.440912,
1534,1654598718,20220607-104518,STD_v2_bcddc2cfcb68,,10,GPS,51.217960,0.440917,
1535,1654598739,20220607-104539,STD_v2_bcddc2cfcb68,,10,GPS,51.217951,0.440916,
1536,1654598758,20220607-104558,STD_v2_bcddc2cfcb68,,10,GPS,51.217972,0.440905,
1537,1654598778,20220607-104618,STD_v2_bcddc2cfcb68,,10,GPS,51.217951,0.440915,
1538,1654598798,20220607-104638,STD_v2_bcddc2cfcb68,,10,GPS,51.217950,0.440916,
1539,1654598818,20220607-104658,STD_v2_bcddc2cfcb68,,10,GPS,51.217962,0.440926,
1540,1654598838,20220607-104718,STD_v2_bcddc2cfcb68,,10,GPS,51.217983,0.440847,
1541,1654598880,20220607-104800,STD_v2_bcddc2cfcb68,,10,GPS,51.217989,0.440758,
1542,1654598898,20220607-104818,STD_v2_bcddc2cfcb68,,10,GPS,51.218009,0.440502,
1543,1654598920,20220607-104840,STD_v2_bcddc2cfcb68,,10,GPS,51.218039,0.440281,
1544,1654598939,20220607-104859,STD_v2_bcddc2cfcb68,,10,GPS,51.218018,0.440246,
1545,1654598960,20220607-104920,STD_v2_bcddc2cfcb68,,10,GPS,51.218011,0.440233,
1546,1654598999,20220607-104959,STD_v2_bcddc2cfcb68,,10,GPS,51.218031,0.440224,
1547,1654599039,20220607-105039,STD_v2_bcddc2cfcb68,,10,GPS,51.218116,0.439827,
1548,1654599066,20220607-105106,STD_v2_bcddc2cfcb68,,10,GPS,51.218124,0.439552,
1549,1654599099,20220607-105139,STD_v2_bcddc2cfcb68,,10,GPS,51.218063,0.439053,
1550,1654599120,20220607-105200,STD_v2_bcddc2cfcb68,,10,GPS,51.217847,0.438911,
1551,1654599138,20220607-105218,STD_v2_bcddc2cfcb68,,10,GPS,51.217698,0.438770,
1552,1654599158,20220607-105238,STD_v2_bcddc2cfcb68,,10,GPS,51.217693,0.438670,
1553,1654599549,20220607-105909,STD_v2_bcddc2cfcb68,,10,GPS,51.217532,0.435910,
1554,1654599580,20220607-105940,STD_v2_bcddc2cfcb68,,10,GPS,51.217538,0.435907,
1555,1654599628,20220607-110028,STD_v2_bcddc2cfcb68,,10,GPS,51.217538,0.435907,
1556,1654599660,20220607-110100,STD_v2_bcddc2cfcb68,,10,GPS,51.217531,0.435908,
1557,1654599684,20220607-110124,STD_v2_bcddc2cfcb68,,10,GPS,51.217531,0.435908,
1558,1654599722,20220607-110202,STD_v2_bcddc2cfcb68,,10,GPS,51.217530,0.435908,
1559,1654599759,20220607-110239,STD_v2_bcddc2cfcb68,,10,GPS,51.217531,0.435908,
1560,1654599780,20220607-110300,STD_v2_bcddc2cfcb68,,10,GPS,51.217531,0.435907,
1561,1654599832,20220607-110352,STD_v2_bcddc2cfcb68,,10,GPS,51.217531,0.435908,
1562,1654599879,20220607-110439,STD_v2_bcddc2cfcb68,,10,GPS,51.217534,0.435891,
1563,1654599900,20220607-110500,STD_v2_bcddc2cfcb68,,10,GPS,51.217533,0.435893,
1564,1654599939,20220607-110539,STD_v2_bcddc2cfcb68,,10,GPS,51.217533,0.435894,
1565,1654599959,20220607-110559,STD_v2_bcddc2cfcb68,,10,GPS,51.217533,0.435894,
1566,1654599979,20220607-110619,STD_v2_bcddc2cfcb68,,10,GPS,51.217533,0.435894,
1567,1654600000,20220607-110640,STD_v2_bcddc2cfcb68,,10,GPS,51.217533,0.435894,
1568,1654600024,20220607-110704,STD_v2_bcddc2cfcb68,,10,GPS,51.217533,0.435894,
1569,1654600059,20220607-110739,STD_v2_bcddc2cfcb68,,10,GPS,51.217541,0.435913,
1570,1654600079,20220607-110759,STD_v2_bcddc2cfcb68,,10,GPS,51.217541,0.435913,
1571,1654600099,20220607-110819,STD_v2_bcddc2cfcb68,,10,GPS,51.217541,0.435913,
1572,1654600119,20220607-110839,STD_v2_bcddc2cfcb68,,10,GPS,51.217540,0.435913,
1573,1654600196,20220607-110956,STD_v2_bcddc2cfcb68,,10,GPS,51.217537,0.435915,
1574,1654600856,20220607-112056,STD_v2_bcddc2cfcb68,,10,GPS,51.217517,0.435943,
1575,1654600874,20220607-112114,STD_v2_bcddc2cfcb68,,10,GPS,51.217517,0.435942,
1576,1654600889,20220607-112129,STD_v2_bcddc2cfcb68,,10,GPS,51.217517,0.435941,
1577,1654600908,20220607-112148,STD_v2_bcddc2cfcb68,,10,GPS,51.217517,0.435940,
1578,1654600922,20220607-112202,STD_v2_bcddc2cfcb68,,10,GPS,51.217517,0.435940,
1579,1654600938,20220607-112218,STD_v2_bcddc2cfcb68,,10,GPS,51.217517,0.435939,
1580,1654600957,20220607-112237,STD_v2_bcddc2cfcb68,,10,GPS,51.217518,0.435940,
1581,1654601769,20220607-113609,STD_v2_bcddc2cfcb68,,10,GPS,51.217429,0.436132,
1582,1654601784,20220607-113624,STD_v2_bcddc2cfcb68,,10,GPS,51.217429,0.436132,
1583,1654601800,20220607-113640,STD_v2_bcddc2cfcb68,,10,GPS,51.217430,0.436132,
1584,1654601826,20220607-113706,STD_v2_bcddc2cfcb68,,10,GPS,51.217430,0.436132,
1585,1654601843,20220607-113723,STD_v2_bcddc2cfcb68,,10,GPS,51.217429,0.436132,
1586,1654601860,20220607-113740,STD_v2_bcddc2cfcb68,,10,GPS,51.217429,0.436132,
1587,1654601888,20220607-113808,STD_v2_bcddc2cfcb68,,10,GPS,51.217429,0.436133,
1588,1654602025,20220607-114025,STD_v2_bcddc2cfcb68,,10,GPS,51.217429,0.436132,
1589,1654602081,20220607-114121,STD_v2_bcddc2cfcb68,,10,GPS,51.217430,0.436132,
1590,1654602139,20220607-114219,STD_v2_bcddc2cfcb68,,10,GPS,51.217431,0.436131,
1591,1654602170,20220607-114250,STD_v2_bcddc2cfcb68,,10,GPS,51.217432,0.436131,
1592,1654602305,20220607-114505,STD_v2_bcddc2cfcb68,,10,GPS,51.217432,0.436131,
1593,1654602338,20220607-114538,STD_v2_bcddc2cfcb68,,10,GPS,51.217439,0.436133,
1594,1654602358,20220607-114558,STD_v2_bcddc2cfcb68,,10,GPS,51.217439,0.436134,
1595,1654602381,20220607-114621,STD_v2_bcddc2cfcb68,,10,GPS,51.217439,0.436134,
1596,1654602423,20220607-114703,STD_v2_bcddc2cfcb68,,10,GPS,51.217439,0.436134,
1597,1654602458,20220607-114738,STD_v2_bcddc2cfcb68,,10,GPS,51.217440,0.436135,
1598,1654602478,20220607-114758,STD_v2_bcddc2cfcb68,,10,GPS,51.217436,0.436135,
1599,1654602498,20220607-114818,STD_v2_bcddc2cfcb68,,10,GPS,51.217436,0.436137,
1600,1654602522,20220607-114842,STD_v2_bcddc2cfcb68,,10,GPS,51.217436,0.436137,
1601,1654602559,20220607-114919,STD_v2_bcddc2cfcb68,,10,GPS,51.217437,0.436137,
1602,1654602604,20220607-115004,STD_v2_bcddc2cfcb68,,10,GPS,51.217437,0.436137,
1603,1654602650,20220607-115050,STD_v2_bcddc2cfcb68,,10,GPS,51.217437,0.436137,
1604,1654602685,20220607-115125,STD_v2_bcddc2cfcb68,,10,GPS,51.217437,0.436137,
1605,1654602719,20220607-115159,STD_v2_bcddc2cfcb68,,10,GPS,51.217438,0.436137,
1606,1654602765,20220607-115245,STD_v2_bcddc2cfcb68,,10,GPS,51.217438,0.436136,
1607,1654602799,20220607-115319,STD_v2_bcddc2cfcb68,,10,GPS,51.217438,0.436136,
1608,1654602818,20220607-115338,STD_v2_bcddc2cfcb68,,10,GPS,51.217439,0.436136,
1609,1654602838,20220607-115358,STD_v2_bcddc2cfcb68,,10,GPS,51.217439,0.436136,
1610,1654602858,20220607-115418,STD_v2_bcddc2cfcb68,,10,GPS,51.217439,0.436136,
1611,1654602885,20220607-115445,STD_v2_bcddc2cfcb68,,10,GPS,51.217440,0.436137,
1612,1654602908,20220607-115508,STD_v2_bcddc2cfcb68,unknown,10,CALLED,51.217440,0.436137,
1613,1654602947,20220607-115547,STD_v2_bcddc2cfcb68,,10,GPS,51.217440,0.436136,
1614,1654602967,20220607-115607,STD_v2_bcddc2cfcb68,,10,GPS,51.217440,0.436137,
1615,1654603010,20220607-115650,STD_v2_bcddc2cfcb68,,10,GPS,51.217441,0.436138,
1616,1654603027,20220607-115707,STD_v2_bcddc2cfcb68,,10,GPS,51.217441,0.436138,
1617,1654603047,20220607-115727,STD_v2_bcddc2cfcb68,,10,GPS,51.217441,0.436138,
1618,1654603073,20220607-115753,STD_v2_bcddc2cfcb68,,10,GPS,51.217442,0.436138,
1619,1654603107,20220607-115827,STD_v2_bcddc2cfcb68,,10,GPS,51.217441,0.436136,
1620,1654603148,20220607-115908,STD_v2_bcddc2cfcb68,,10,GPS,51.217441,0.436135,
1621,1654603167,20220607-115927,STD_v2_bcddc2cfcb68,,10,GPS,51.217441,0.436135,
1622,1654603208,20220607-120008,STD_v2_bcddc2cfcb68,,10,GPS,51.217442,0.436135,
1623,1654603228,20220607-120028,STD_v2_bcddc2cfcb68,,10,GPS,51.217444,0.436126,
1624,1654603247,20220607-120047,STD_v2_bcddc2cfcb68,,10,GPS,51.217444,0.436126,
1625,1654603267,20220607-120107,STD_v2_bcddc2cfcb68,,10,GPS,51.217445,0.436126,
1626,1654603287,20220607-120127,STD_v2_bcddc2cfcb68,,10,GPS,51.217444,0.436126,
1627,1654603307,20220607-120147,STD_v2_bcddc2cfcb68,,10,GPS,51.217444,0.436126,
1628,1654603327,20220607-120207,STD_v2_bcddc2cfcb68,,10,GPS,51.217445,0.436126,
1629,1654603367,20220607-120247,STD_v2_bcddc2cfcb68,,10,GPS,51.217445,0.436126,
1630,1654603387,20220607-120307,STD_v2_bcddc2cfcb68,,10,GPS,51.217445,0.436127,
1631,1654603407,20220607-120327,STD_v2_bcddc2cfcb68,,10,GPS,51.217445,0.436127,
1632,1654603427,20220607-120347,STD_v2_bcddc2cfcb68,,10,GPS,51.217445,0.436127,
1633,1654603448,20220607-120408,STD_v2_bcddc2cfcb68,,10,GPS,51.217445,0.436127,
1634,1654603469,20220607-120429,STD_v2_bcddc2cfcb68,,10,GPS,51.217543,0.435890,
1635,1654603499,20220607-120459,STD_v2_bcddc2cfcb68,,10,GPS,51.217546,0.435903,
1636,1654603528,20220607-120528,STD_v2_bcddc2cfcb68,,10,GPS,51.217536,0.435901,
1637,1654603547,20220607-120547,STD_v2_bcddc2cfcb68,,10,GPS,51.217537,0.435901,
1638,1654603587,20220607-120627,STD_v2_bcddc2cfcb68,,10,GPS,51.217537,0.435903,
1639,1654603609,20220607-120649,STD_v2_bcddc2cfcb68,,10,GPS,51.217538,0.435903,
1640,1654603652,20220607-120732,STD_v2_bcddc2cfcb68,,10,GPS,51.217538,0.435903,
1641,1654603688,20220607-120808,STD_v2_bcddc2cfcb68,,10,GPS,51.217538,0.435904,
1642,1654603729,20220607-120849,STD_v2_bcddc2cfcb68,,10,GPS,51.217538,0.435905,
1643,1654603747,20220607-120907,STD_v2_bcddc2cfcb68,,10,GPS,51.217561,0.435874,
1644,1654603767,20220607-120927,STD_v2_bcddc2cfcb68,,10,GPS,51.217559,0.435875,
1645,1654603787,20220607-120947,STD_v2_bcddc2cfcb68,,10,GPS,51.217559,0.435875,
1646,1654603807,20220607-121007,STD_v2_bcddc2cfcb68,,10,GPS,51.217559,0.435875,
1647,1654603827,20220607-121027,STD_v2_bcddc2cfcb68,,10,GPS,51.217559,0.435875,
1648,1654603847,20220607-121047,STD_v2_bcddc2cfcb68,,10,GPS,51.217558,0.435875,
1649,1654603867,20220607-121107,STD_v2_bcddc2cfcb68,,10,GPS,51.217557,0.435876,
1650,1654603887,20220607-121127,STD_v2_bcddc2cfcb68,,10,GPS,51.217556,0.435876,
1651,1654603907,20220607-121147,STD_v2_bcddc2cfcb68,,10,GPS,51.217554,0.435878,
1652,1654603927,20220607-121207,STD_v2_bcddc2cfcb68,,10,GPS,51.217553,0.435878,
1653,1654603947,20220607-121227,STD_v2_bcddc2cfcb68,,10,GPS,51.217548,0.435884,
1654,1654603967,20220607-121247,STD_v2_bcddc2cfcb68,,10,GPS,51.217547,0.435885,
1655,1654603987,20220607-121307,STD_v2_bcddc2cfcb68,,10,GPS,51.217547,0.435885,
1656,1654604007,20220607-121327,STD_v2_bcddc2cfcb68,,10,GPS,51.217547,0.435885,
1657,1654604027,20220607-121347,STD_v2_bcddc2cfcb68,,10,GPS,51.217547,0.435885,
1658,1654604047,20220607-121407,STD_v2_bcddc2cfcb68,,10,GPS,51.217547,0.435885,
1659,1654604067,20220607-121427,STD_v2_bcddc2cfcb68,,10,GPS,51.217547,0.435885,
1660,1654604087,20220607-121447,STD_v2_bcddc2cfcb68,,10,GPS,51.217546,0.435886,
1661,1654604107,20220607-121507,STD_v2_bcddc2cfcb68,,10,GPS,51.217546,0.435886,
1662,1654604128,20220607-121528,STD_v2_bcddc2cfcb68,,10,GPS,51.217546,0.435886,
1663,1654604167,20220607-121607,STD_v2_bcddc2cfcb68,,10,GPS,51.217546,0.435886,
1664,1654604187,20220607-121627,STD_v2_bcddc2cfcb68,,10,GPS,51.217546,0.435886,
1665,1654604207,20220607-121647,STD_v2_bcddc2cfcb68,,10,GPS,51.217546,0.435886,
1666,1654604228,20220607-121708,STD_v2_bcddc2cfcb68,,10,GPS,51.217546,0.435886,
1667,1654604247,20220607-121727,STD_v2_bcddc2cfcb68,,10,GPS,51.217546,0.435886,
1668,1654604267,20220607-121747,STD_v2_bcddc2cfcb68,,10,GPS,51.217546,0.435886,
1669,1654604287,20220607-121807,STD_v2_bcddc2cfcb68,,10,GPS,51.217545,0.435886,
1670,1654604307,20220607-121827,STD_v2_bcddc2cfcb68,,10,GPS,51.217545,0.435886,
1671,1654604327,20220607-121847,STD_v2_bcddc2cfcb68,,10,GPS,51.217545,0.435887,
1672,1654604347,20220607-121907,STD_v2_bcddc2cfcb68,,10,GPS,51.217545,0.435887,
1673,1654604367,20220607-121927,STD_v2_bcddc2cfcb68,,10,GPS,51.217545,0.435887,
1674,1654604388,20220607-121948,STD_v2_bcddc2cfcb68,,10,GPS,51.217544,0.435887,
1675,1654604407,20220607-122007,STD_v2_bcddc2cfcb68,,10,GPS,51.217544,0.435887,
1676,1654604427,20220607-122027,STD_v2_bcddc2cfcb68,,10,GPS,51.217544,0.435887,
1677,1654604447,20220607-122047,STD_v2_bcddc2cfcb68,,10,GPS,51.217544,0.435887,
1678,1654604487,20220607-122127,STD_v2_bcddc2cfcb68,,10,GPS,51.217544,0.435887,
1679,1654604509,20220607-122149,STD_v2_bcddc2cfcb68,,10,GPS,51.217544,0.435887,
1680,1654610101,20220607-135501,STD_v2_bcddc2cfcb68,,10,GPS,51.217501,0.435941,
1681,1654610115,20220607-135515,STD_v2_bcddc2cfcb68,,10,GPS,51.217501,0.435942,
1682,1654610130,20220607-135530,STD_v2_bcddc2cfcb68,,10,GPS,51.217501,0.435942,
1683,1654610145,20220607-135545,STD_v2_bcddc2cfcb68,,10,GPS,51.217501,0.435942,
1684,1654610161,20220607-135601,STD_v2_bcddc2cfcb68,,10,GPS,51.217501,0.435943,
1685,1654610175,20220607-135615,STD_v2_bcddc2cfcb68,,10,GPS,51.217501,0.435942,
1686,1654610189,20220607-135629,STD_v2_bcddc2cfcb68,,10,GPS,51.217501,0.435943,
1687,1654610253,20220607-135733,STD_v2_bcddc2cfcb68,,10,GPS,51.217503,0.435945,
1688,1654610282,20220607-135802,STD_v2_bcddc2cfcb68,,10,GPS,51.217502,0.435944,
1689,1654610327,20220607-135847,STD_v2_bcddc2cfcb68,,10,GPS,51.217501,0.435944,
1690,1654610390,20220607-135950,STD_v2_bcddc2cfcb68,,10,GPS,51.217471,0.436001,
1691,1654623008,20220607-173008,STD_v2_bcddc2cfcb68,admin,10,INIT,51.217471,0.436001,
1692,1654683222,20220608-101342,STD_v2_bcddc2cfcb68,,11,GPS,-1,-1,
1693,1654683237,20220608-101357,STD_v2_bcddc2cfcb68,,11,GPS,-1,-1,
1694,1654683251,20220608-101411,STD_v2_bcddc2cfcb68,,11,GPS,-1,-1,
1695,1654683266,20220608-101426,STD_v2_bcddc2cfcb68,,11,GPS,51.217343,0.436696,
1696,1654683280,20220608-101440,STD_v2_bcddc2cfcb68,,11,GPS,51.217347,0.436707,
1697,1654683300,20220608-101500,STD_v2_bcddc2cfcb68,,11,GPS,51.217345,0.436713,
1698,1654683313,20220608-101513,STD_v2_bcddc2cfcb68,,11,GPS,51.217344,0.436736,
1699,1654683406,20220608-101646,STD_v2_bcddc2cfcb68,,11,GPS,51.217340,0.436736,
1700,1654683434,20220608-101714,STD_v2_bcddc2cfcb68,,11,GPS,51.217340,0.436737,
1701,1654683466,20220608-101746,STD_v2_bcddc2cfcb68,,11,GPS,51.217340,0.436737,
1702,1654683542,20220608-101902,STD_v2_bcddc2cfcb68,,11,GPS,51.217340,0.436737,
1703,1654683606,20220608-102006,STD_v2_bcddc2cfcb68,,11,GPS,51.217340,0.436737,
1704,1654683689,20220608-102129,STD_v2_bcddc2cfcb68,,11,GPS,51.217338,0.436737,
1705,1654683749,20220608-102229,STD_v2_bcddc2cfcb68,,11,GPS,51.217338,0.436737,
1706,1654683798,20220608-102318,STD_v2_bcddc2cfcb68,,11,GPS,51.217336,0.436738,
1707,1654683823,20220608-102343,STD_v2_bcddc2cfcb68,,11,GPS,51.217337,0.436738,
1708,1654683853,20220608-102413,STD_v2_bcddc2cfcb68,,11,GPS,51.217336,0.436738,
1709,1654683888,20220608-102448,STD_v2_bcddc2cfcb68,,11,GPS,51.217336,0.436738,
1710,1654683926,20220608-102526,STD_v2_bcddc2cfcb68,,11,GPS,51.217336,0.436739,
1711,1654683973,20220608-102613,STD_v2_bcddc2cfcb68,,11,GPS,51.217336,0.436739,
1712,1654684011,20220608-102651,STD_v2_bcddc2cfcb68,,11,GPS,51.217336,0.436739,
1713,1654684041,20220608-102721,STD_v2_bcddc2cfcb68,,11,GPS,51.217336,0.436740,
1714,1654684064,20220608-102744,STD_v2_bcddc2cfcb68,,11,GPS,51.217335,0.436740,
1715,1654684094,20220608-102814,STD_v2_bcddc2cfcb68,,11,GPS,51.217334,0.436741,
1716,1654684126,20220608-102846,STD_v2_bcddc2cfcb68,,11,GPS,51.217334,0.436741,
1717,1654684156,20220608-102916,STD_v2_bcddc2cfcb68,,11,GPS,51.217333,0.436741,
1718,1654684203,20220608-103003,STD_v2_bcddc2cfcb68,,11,GPS,51.217332,0.436741,
1719,1654684255,20220608-103055,STD_v2_bcddc2cfcb68,,11,GPS,51.217330,0.436742,
1720,1654684314,20220608-103154,STD_v2_bcddc2cfcb68,,11,GPS,51.217329,0.436743,
1721,1654684333,20220608-103213,STD_v2_bcddc2cfcb68,,11,GPS,51.217330,0.436743,
1722,1654684364,20220608-103244,STD_v2_bcddc2cfcb68,,11,GPS,51.217331,0.436743,
1723,1654684393,20220608-103313,STD_v2_bcddc2cfcb68,,11,GPS,51.217331,0.436742,
1724,1654684424,20220608-103344,STD_v2_bcddc2cfcb68,,11,GPS,51.217331,0.436743,
1725,1654684454,20220608-103414,STD_v2_bcddc2cfcb68,,11,GPS,51.217331,0.436743,
1726,1654684485,20220608-103445,STD_v2_bcddc2cfcb68,,11,GPS,51.217331,0.436743,
1727,1654684518,20220608-103518,STD_v2_bcddc2cfcb68,,11,GPS,51.217332,0.436743,
1728,1654684543,20220608-103543,STD_v2_bcddc2cfcb68,,11,GPS,51.217333,0.436744,
1729,1654684573,20220608-103613,STD_v2_bcddc2cfcb68,,11,GPS,51.217334,0.436744,
1730,1654684616,20220608-103656,STD_v2_bcddc2cfcb68,,11,GPS,51.217336,0.436744,
1731,1654684667,20220608-103747,STD_v2_bcddc2cfcb68,,11,GPS,51.217336,0.436744,
1732,1654684695,20220608-103815,STD_v2_bcddc2cfcb68,,11,GPS,51.217336,0.436743,
1733,1654684726,20220608-103846,STD_v2_bcddc2cfcb68,,11,GPS,51.217336,0.436743,
1734,1654684756,20220608-103916,STD_v2_bcddc2cfcb68,,11,GPS,51.217336,0.436743,
1735,1654684784,20220608-103944,STD_v2_bcddc2cfcb68,,11,GPS,51.217336,0.436742,
1736,1654684819,20220608-104019,STD_v2_bcddc2cfcb68,,11,GPS,51.217336,0.436742,
1737,1654684847,20220608-104047,STD_v2_bcddc2cfcb68,,11,GPS,51.217336,0.436742,
1738,1654684879,20220608-104119,STD_v2_bcddc2cfcb68,,11,GPS,51.217336,0.436742,
1739,1654684904,20220608-104144,STD_v2_bcddc2cfcb68,,11,GPS,51.217336,0.436741,
1740,1654684935,20220608-104215,STD_v2_bcddc2cfcb68,,11,GPS,51.217336,0.436741,
1741,1654684964,20220608-104244,STD_v2_bcddc2cfcb68,,11,GPS,51.217336,0.436740,
1742,1654684996,20220608-104316,STD_v2_bcddc2cfcb68,,11,GPS,51.217337,0.436740,
1743,1654685024,20220608-104344,STD_v2_bcddc2cfcb68,,11,GPS,51.217336,0.436739,
1744,1654685054,20220608-104414,STD_v2_bcddc2cfcb68,,11,GPS,51.217337,0.436739,
1745,1654685086,20220608-104446,STD_v2_bcddc2cfcb68,,11,GPS,51.217337,0.436739,
1746,1654685118,20220608-104518,STD_v2_bcddc2cfcb68,,11,GPS,51.217336,0.436739,
1747,1654685143,20220608-104543,STD_v2_bcddc2cfcb68,,11,GPS,51.217337,0.436738,
1748,1654685177,20220608-104617,STD_v2_bcddc2cfcb68,,11,GPS,51.217337,0.436738,
1749,1654685204,20220608-104644,STD_v2_bcddc2cfcb68,,11,GPS,51.217337,0.436738,
1750,1654685234,20220608-104714,STD_v2_bcddc2cfcb68,,11,GPS,51.217336,0.436738,
1751,1654685264,20220608-104744,STD_v2_bcddc2cfcb68,,11,GPS,51.217337,0.436737,
1752,1654685295,20220608-104815,STD_v2_bcddc2cfcb68,,11,GPS,51.217337,0.436737,
1753,1654685324,20220608-104844,STD_v2_bcddc2cfcb68,,11,GPS,51.217331,0.436750,
1754,1654685356,20220608-104916,STD_v2_bcddc2cfcb68,,11,GPS,51.217331,0.436750,
1755,1654685384,20220608-104944,STD_v2_bcddc2cfcb68,,11,GPS,51.217332,0.436749,
1756,1654685414,20220608-105014,STD_v2_bcddc2cfcb68,,11,GPS,51.217332,0.436748,
1757,1654685444,20220608-105044,STD_v2_bcddc2cfcb68,,11,GPS,51.217333,0.436748,
1758,1654685474,20220608-105114,STD_v2_bcddc2cfcb68,,11,GPS,51.217333,0.436747,
1759,1654685509,20220608-105149,STD_v2_bcddc2cfcb68,,11,GPS,51.217333,0.436747,
1760,1654685534,20220608-105214,STD_v2_bcddc2cfcb68,,11,GPS,51.217333,0.436746,
1761,1654685564,20220608-105244,STD_v2_bcddc2cfcb68,,11,GPS,51.217333,0.436746,
1762,1654685594,20220608-105314,STD_v2_bcddc2cfcb68,,11,GPS,51.217334,0.436746,
1763,1654685627,20220608-105347,STD_v2_bcddc2cfcb68,,11,GPS,51.217334,0.436746,
1764,1654685656,20220608-105416,STD_v2_bcddc2cfcb68,,11,GPS,51.217334,0.436746,
1765,1654685683,20220608-105443,STD_v2_bcddc2cfcb68,,11,GPS,51.217334,0.436746,
1766,1654685713,20220608-105513,STD_v2_bcddc2cfcb68,,11,GPS,51.217334,0.436746,
1767,1654685743,20220608-105543,STD_v2_bcddc2cfcb68,,11,GPS,51.217334,0.436746,
1768,1654685774,20220608-105614,STD_v2_bcddc2cfcb68,,11,GPS,51.217334,0.436745,
1769,1654685803,20220608-105643,STD_v2_bcddc2cfcb68,,11,GPS,51.217334,0.436745,
1770,1654685852,20220608-105732,STD_v2_bcddc2cfcb68,,11,GPS,51.217333,0.436745,
1771,1654685896,20220608-105816,STD_v2_bcddc2cfcb68,,11,GPS,51.217332,0.436744,
1772,1654685928,20220608-105848,STD_v2_bcddc2cfcb68,,11,GPS,51.217331,0.436742,
1773,1654685953,20220608-105913,STD_v2_bcddc2cfcb68,,11,GPS,51.217332,0.436742,
1774,1654685984,20220608-105944,STD_v2_bcddc2cfcb68,,11,GPS,51.217331,0.436742,
1775,1654686015,20220608-110015,STD_v2_bcddc2cfcb68,,11,GPS,51.217331,0.436742,
1776,1654686045,20220608-110045,STD_v2_bcddc2cfcb68,,11,GPS,51.217332,0.436742,
1777,1654686073,20220608-110113,STD_v2_bcddc2cfcb68,,11,GPS,51.217332,0.436741,
1778,1654686103,20220608-110143,STD_v2_bcddc2cfcb68,,11,GPS,51.217332,0.436741,
1779,1654686134,20220608-110214,STD_v2_bcddc2cfcb68,,11,GPS,51.217332,0.436742,
1780,1654686168,20220608-110248,STD_v2_bcddc2cfcb68,,11,GPS,51.217332,0.436742,
1781,1654686197,20220608-110317,STD_v2_bcddc2cfcb68,,11,GPS,51.217332,0.436742,
1782,1654686224,20220608-110344,STD_v2_bcddc2cfcb68,,11,GPS,51.217332,0.436742,
1783,1654686261,20220608-110421,STD_v2_bcddc2cfcb68,,11,GPS,51.217332,0.436743,
1784,1654686283,20220608-110443,STD_v2_bcddc2cfcb68,,11,GPS,51.217332,0.436743,
1785,1654686337,20220608-110537,STD_v2_bcddc2cfcb68,,11,GPS,51.217332,0.436742,
1786,1654686379,20220608-110619,STD_v2_bcddc2cfcb68,,11,GPS,51.217332,0.436743,
1787,1654686404,20220608-110644,STD_v2_bcddc2cfcb68,,11,GPS,51.217332,0.436743,
1788,1654686435,20220608-110715,STD_v2_bcddc2cfcb68,,11,GPS,51.217335,0.436742,
1789,1654686468,20220608-110748,STD_v2_bcddc2cfcb68,,11,GPS,51.217336,0.436741,
1790,1654686494,20220608-110814,STD_v2_bcddc2cfcb68,,11,GPS,51.217336,0.436741,
1791,1654686527,20220608-110847,STD_v2_bcddc2cfcb68,,11,GPS,51.217337,0.436740,
1792,1654686554,20220608-110914,STD_v2_bcddc2cfcb68,,11,GPS,51.217337,0.436740,
1793,1654686584,20220608-110944,STD_v2_bcddc2cfcb68,,11,GPS,51.217337,0.436740,
1794,1654686619,20220608-111019,STD_v2_bcddc2cfcb68,,11,GPS,51.217338,0.436740,
1795,1654686644,20220608-111044,STD_v2_bcddc2cfcb68,,11,GPS,51.217338,0.436739,
1796,1654686674,20220608-111114,STD_v2_bcddc2cfcb68,,11,GPS,51.217339,0.436739,
1797,1654686706,20220608-111146,STD_v2_bcddc2cfcb68,,11,GPS,51.217339,0.436739,
1798,1654686735,20220608-111215,STD_v2_bcddc2cfcb68,,11,GPS,51.217339,0.436739,
1799,1654686764,20220608-111244,STD_v2_bcddc2cfcb68,,11,GPS,51.217339,0.436739,
1800,1654686794,20220608-111314,STD_v2_bcddc2cfcb68,,11,GPS,51.217340,0.436739,
1801,1654686824,20220608-111344,STD_v2_bcddc2cfcb68,,11,GPS,51.217340,0.436739,
1802,1654686856,20220608-111416,STD_v2_bcddc2cfcb68,,11,GPS,51.217341,0.436738,
1803,1654686884,20220608-111444,STD_v2_bcddc2cfcb68,,11,GPS,51.217341,0.436738,
1804,1654686913,20220608-111513,STD_v2_bcddc2cfcb68,,11,GPS,51.217342,0.436738,
1805,1654686944,20220608-111544,STD_v2_bcddc2cfcb68,,11,GPS,51.217342,0.436738,
1806,1654686974,20220608-111614,STD_v2_bcddc2cfcb68,,11,GPS,51.217342,0.436738,
1807,1654687006,20220608-111646,STD_v2_bcddc2cfcb68,,11,GPS,51.217343,0.436738,
1808,1654687036,20220608-111716,STD_v2_bcddc2cfcb68,,11,GPS,51.217343,0.436738,
1809,1654687064,20220608-111744,STD_v2_bcddc2cfcb68,,11,GPS,51.217343,0.436737,
1810,1654687093,20220608-111813,STD_v2_bcddc2cfcb68,,11,GPS,51.217344,0.436737,
1811,1654687124,20220608-111844,STD_v2_bcddc2cfcb68,,11,GPS,51.217356,0.436746,
1812,1654687154,20220608-111914,STD_v2_bcddc2cfcb68,,11,GPS,51.217357,0.436746,
1813,1654687184,20220608-111944,STD_v2_bcddc2cfcb68,,11,GPS,51.217358,0.436746,
1814,1654687214,20220608-112014,STD_v2_bcddc2cfcb68,,11,GPS,51.217359,0.436747,
1815,1654687243,20220608-112043,STD_v2_bcddc2cfcb68,,11,GPS,51.217359,0.436747,
1816,1654687274,20220608-112114,STD_v2_bcddc2cfcb68,,11,GPS,51.217359,0.436746,
1817,1654687304,20220608-112144,STD_v2_bcddc2cfcb68,,11,GPS,51.217359,0.436745,
1818,1654687334,20220608-112214,STD_v2_bcddc2cfcb68,,11,GPS,51.217359,0.436745,
1819,1654687364,20220608-112244,STD_v2_bcddc2cfcb68,,11,GPS,51.217359,0.436744,
1820,1654687393,20220608-112313,STD_v2_bcddc2cfcb68,,11,GPS,51.217359,0.436744,
1821,1654687424,20220608-112344,STD_v2_bcddc2cfcb68,,11,GPS,51.217359,0.436744,
1822,1654687453,20220608-112413,STD_v2_bcddc2cfcb68,,11,GPS,51.217359,0.436744,
1823,1654687484,20220608-112444,STD_v2_bcddc2cfcb68,,11,GPS,51.217359,0.436744,
1824,1654687514,20220608-112514,STD_v2_bcddc2cfcb68,,11,GPS,51.217360,0.436744,
1825,1654687544,20220608-112544,STD_v2_bcddc2cfcb68,,11,GPS,51.217359,0.436743,
1826,1654687574,20220608-112614,STD_v2_bcddc2cfcb68,,11,GPS,51.217360,0.436744,
1827,1654687604,20220608-112644,STD_v2_bcddc2cfcb68,,11,GPS,51.217360,0.436743,
1828,1654687634,20220608-112714,STD_v2_bcddc2cfcb68,,11,GPS,51.217360,0.436743,
1829,1654687664,20220608-112744,STD_v2_bcddc2cfcb68,,11,GPS,51.217360,0.436743,
1830,1654687694,20220608-112814,STD_v2_bcddc2cfcb68,,11,GPS,51.217360,0.436743,
1831,1654687725,20220608-112845,STD_v2_bcddc2cfcb68,,11,GPS,51.217360,0.436742,
1832,1654687754,20220608-112914,STD_v2_bcddc2cfcb68,,11,GPS,51.217361,0.436742,
1833,1654687784,20220608-112944,STD_v2_bcddc2cfcb68,,11,GPS,51.217361,0.436741,
1834,1654687814,20220608-113014,STD_v2_bcddc2cfcb68,,11,GPS,51.217361,0.436741,
1835,1654687844,20220608-113044,STD_v2_bcddc2cfcb68,,11,GPS,51.217360,0.436744,
1836,1654687873,20220608-113113,STD_v2_bcddc2cfcb68,,11,GPS,51.217360,0.436744,
1837,1654687903,20220608-113143,STD_v2_bcddc2cfcb68,,11,GPS,51.217360,0.436744,
1838,1654687933,20220608-113213,STD_v2_bcddc2cfcb68,,11,GPS,51.217360,0.436744,
1839,1654687963,20220608-113243,STD_v2_bcddc2cfcb68,,11,GPS,51.217361,0.436744,
1840,1654687994,20220608-113314,STD_v2_bcddc2cfcb68,,11,GPS,51.217361,0.436744,
1841,1654688024,20220608-113344,STD_v2_bcddc2cfcb68,,11,GPS,51.217361,0.436744,
1842,1654688054,20220608-113414,STD_v2_bcddc2cfcb68,,11,GPS,51.217361,0.436744,
1843,1654688084,20220608-113444,STD_v2_bcddc2cfcb68,,11,GPS,51.217370,0.436721,
1844,1654688115,20220608-113515,STD_v2_bcddc2cfcb68,,11,GPS,51.217371,0.436721,
1845,1654688144,20220608-113544,STD_v2_bcddc2cfcb68,,11,GPS,51.217371,0.436721,
1846,1654688177,20220608-113617,STD_v2_bcddc2cfcb68,,11,GPS,51.217371,0.436720,
1847,1654688205,20220608-113645,STD_v2_bcddc2cfcb68,,11,GPS,51.217372,0.436720,
1848,1654688236,20220608-113716,STD_v2_bcddc2cfcb68,,11,GPS,51.217372,0.436721,
1849,1654688266,20220608-113746,STD_v2_bcddc2cfcb68,,11,GPS,51.217372,0.436721,
1850,1654688295,20220608-113815,STD_v2_bcddc2cfcb68,,11,GPS,51.217372,0.436721,
1851,1654688324,20220608-113844,STD_v2_bcddc2cfcb68,,11,GPS,51.217373,0.436721,
1852,1654688360,20220608-113920,STD_v2_bcddc2cfcb68,,11,GPS,51.217373,0.436721,
1853,1654688384,20220608-113944,STD_v2_bcddc2cfcb68,,11,GPS,51.217373,0.436721,
1854,1654688414,20220608-114014,STD_v2_bcddc2cfcb68,,11,GPS,51.217373,0.436721,
1855,1654688445,20220608-114045,STD_v2_bcddc2cfcb68,,11,GPS,51.217373,0.436721,
1856,1654688489,20220608-114129,STD_v2_bcddc2cfcb68,,11,GPS,51.217374,0.436722,
1857,1654688533,20220608-114213,STD_v2_bcddc2cfcb68,,11,GPS,51.217375,0.436725,
1858,1654688564,20220608-114244,STD_v2_bcddc2cfcb68,,11,GPS,51.217375,0.436725,
1859,1654688594,20220608-114314,STD_v2_bcddc2cfcb68,,11,GPS,51.217375,0.436725,
1860,1654688629,20220608-114349,STD_v2_bcddc2cfcb68,,11,GPS,51.217375,0.436726,
1861,1654688657,20220608-114417,STD_v2_bcddc2cfcb68,,11,GPS,51.217375,0.436726,
1862,1654688688,20220608-114448,STD_v2_bcddc2cfcb68,,11,GPS,51.217375,0.436726,
1863,1654688721,20220608-114521,STD_v2_bcddc2cfcb68,,11,GPS,51.217375,0.436726,
1864,1654688744,20220608-114544,STD_v2_bcddc2cfcb68,,11,GPS,51.217376,0.436726,
1865,1654688773,20220608-114613,STD_v2_bcddc2cfcb68,,11,GPS,51.217376,0.436726,
1866,1654688804,20220608-114644,STD_v2_bcddc2cfcb68,,11,GPS,51.217376,0.436726,
1867,1654688836,20220608-114716,STD_v2_bcddc2cfcb68,,11,GPS,51.217376,0.436726,
1868,1654688867,20220608-114747,STD_v2_bcddc2cfcb68,,11,GPS,51.217376,0.436726,
1869,1654688893,20220608-114813,STD_v2_bcddc2cfcb68,,11,GPS,51.217376,0.436726,
1870,1654688926,20220608-114846,STD_v2_bcddc2cfcb68,,11,GPS,51.217376,0.436726,
1871,1654688954,20220608-114914,STD_v2_bcddc2cfcb68,,11,GPS,51.217376,0.436726,
1872,1654688983,20220608-114943,STD_v2_bcddc2cfcb68,,11,GPS,51.217376,0.436727,
1873,1654689014,20220608-115014,STD_v2_bcddc2cfcb68,,11,GPS,51.217376,0.436727,
1874,1654689043,20220608-115043,STD_v2_bcddc2cfcb68,,11,GPS,51.217376,0.436727,
1875,1654689074,20220608-115114,STD_v2_bcddc2cfcb68,,11,GPS,51.217376,0.436727,
1876,1654689104,20220608-115144,STD_v2_bcddc2cfcb68,,11,GPS,51.217289,0.436881,
1877,1654689134,20220608-115214,STD_v2_bcddc2cfcb68,,11,GPS,51.217267,0.436840,
1878,1654689163,20220608-115243,STD_v2_bcddc2cfcb68,,11,GPS,51.217281,0.436843,
1879,1654689194,20220608-115314,STD_v2_bcddc2cfcb68,,11,GPS,51.217284,0.436858,
1880,1654689224,20220608-115344,STD_v2_bcddc2cfcb68,,11,GPS,51.217284,0.436860,
1881,1654689254,20220608-115414,STD_v2_bcddc2cfcb68,,11,GPS,51.217284,0.436860,
1882,1654689283,20220608-115443,STD_v2_bcddc2cfcb68,,11,GPS,51.217284,0.436860,
1883,1654689313,20220608-115513,STD_v2_bcddc2cfcb68,,11,GPS,51.217285,0.436860,
1884,1654689344,20220608-115544,STD_v2_bcddc2cfcb68,,11,GPS,51.217285,0.436861,
1885,1654689373,20220608-115613,STD_v2_bcddc2cfcb68,,11,GPS,51.217285,0.436862,
1886,1654689404,20220608-115644,STD_v2_bcddc2cfcb68,,11,GPS,51.217284,0.436862,
1887,1654695943,20220608-134543,STD_v2_bcddc2cfcb68,,11,GPS,51.217284,0.436758,
1888,1654695956,20220608-134556,STD_v2_bcddc2cfcb68,,11,GPS,51.217256,0.436788,
1889,1654695970,20220608-134610,STD_v2_bcddc2cfcb68,,11,GPS,51.217253,0.436791,
1890,1654695984,20220608-134624,STD_v2_bcddc2cfcb68,,11,GPS,51.217249,0.436783,
1891,1654695998,20220608-134638,STD_v2_bcddc2cfcb68,,11,GPS,51.217249,0.436786,
1892,1654696015,20220608-134655,STD_v2_bcddc2cfcb68,,11,GPS,51.217248,0.436788,
1893,1654696028,20220608-134708,STD_v2_bcddc2cfcb68,,11,GPS,51.217248,0.436792,
1894,1654696095,20220608-134815,STD_v2_bcddc2cfcb68,,11,GPS,51.217249,0.436801,
1895,1654696125,20220608-134845,STD_v2_bcddc2cfcb68,,11,GPS,51.217249,0.436804,
1896,1654696155,20220608-134915,STD_v2_bcddc2cfcb68,,11,GPS,51.217249,0.436807,
1897,1654696185,20220608-134945,STD_v2_bcddc2cfcb68,,11,GPS,51.217249,0.436810,
1898,1654696215,20220608-135015,STD_v2_bcddc2cfcb68,,11,GPS,51.217251,0.436808,
1899,1654696245,20220608-135045,STD_v2_bcddc2cfcb68,,11,GPS,51.217251,0.436809,
1900,1654696274,20220608-135114,STD_v2_bcddc2cfcb68,,11,GPS,51.217251,0.436810,
1901,1654696305,20220608-135145,STD_v2_bcddc2cfcb68,,11,GPS,51.217252,0.436810,
1902,1654696335,20220608-135215,STD_v2_bcddc2cfcb68,,11,GPS,51.217252,0.436811,
1903,1654696365,20220608-135245,STD_v2_bcddc2cfcb68,,11,GPS,51.217252,0.436811,
1904,1654696395,20220608-135315,STD_v2_bcddc2cfcb68,,11,GPS,51.217253,0.436811,
1905,1654696425,20220608-135345,STD_v2_bcddc2cfcb68,,11,GPS,51.217253,0.436811,
1906,1654696455,20220608-135415,STD_v2_bcddc2cfcb68,,11,GPS,51.217253,0.436811,
1907,1654696484,20220608-135444,STD_v2_bcddc2cfcb68,,11,GPS,51.217253,0.436811,
1908,1654696515,20220608-135515,STD_v2_bcddc2cfcb68,,11,GPS,51.217253,0.436811,
1909,1654696545,20220608-135545,STD_v2_bcddc2cfcb68,,11,GPS,51.217253,0.436812,
1910,1654696574,20220608-135614,STD_v2_bcddc2cfcb68,,11,GPS,51.217253,0.436813,
1911,1654696605,20220608-135645,STD_v2_bcddc2cfcb68,,11,GPS,51.217252,0.436813,
1912,1654696634,20220608-135714,STD_v2_bcddc2cfcb68,,11,GPS,51.217252,0.436814,
1913,1654696665,20220608-135745,STD_v2_bcddc2cfcb68,,11,GPS,51.217252,0.436814,
1914,1654696694,20220608-135814,STD_v2_bcddc2cfcb68,,11,GPS,51.217252,0.436814,
1915,1654696725,20220608-135845,STD_v2_bcddc2cfcb68,,11,GPS,51.217252,0.436814,
1916,1654696754,20220608-135914,STD_v2_bcddc2cfcb68,,11,GPS,51.217252,0.436815,
1917,1654696785,20220608-135945,STD_v2_bcddc2cfcb68,,11,GPS,51.217252,0.436815,
1918,1654696814,20220608-140014,STD_v2_bcddc2cfcb68,,11,GPS,51.217252,0.436815,
1919,1654696845,20220608-140045,STD_v2_bcddc2cfcb68,,11,GPS,51.217252,0.436817,
1920,1654696874,20220608-140114,STD_v2_bcddc2cfcb68,,11,GPS,51.217252,0.436820,
1921,1654696906,20220608-140146,STD_v2_bcddc2cfcb68,,11,GPS,51.217253,0.436820,
1922,1654696935,20220608-140215,STD_v2_bcddc2cfcb68,,11,GPS,51.217253,0.436821,
1923,1654696965,20220608-140245,STD_v2_bcddc2cfcb68,,11,GPS,51.217253,0.436822,
1924,1654696994,20220608-140314,STD_v2_bcddc2cfcb68,,11,GPS,51.217253,0.436823,
1925,1654697025,20220608-140345,STD_v2_bcddc2cfcb68,,11,GPS,51.217253,0.436824,
1926,1654697055,20220608-140415,STD_v2_bcddc2cfcb68,,11,GPS,51.217253,0.436825,
1927,1654697084,20220608-140444,STD_v2_bcddc2cfcb68,,11,GPS,51.217253,0.436825,
1928,1654697115,20220608-140515,STD_v2_bcddc2cfcb68,,11,GPS,51.217253,0.436827,
1929,1654697145,20220608-140545,STD_v2_bcddc2cfcb68,,11,GPS,51.217253,0.436828,
1930,1654697175,20220608-140615,STD_v2_bcddc2cfcb68,,11,GPS,51.217253,0.436829,
1931,1654697205,20220608-140645,STD_v2_bcddc2cfcb68,,11,GPS,51.217253,0.436830,
1932,1654697234,20220608-140714,STD_v2_bcddc2cfcb68,,11,GPS,51.217252,0.436831,
1933,1654697264,20220608-140744,STD_v2_bcddc2cfcb68,,11,GPS,51.217252,0.436833,
1934,1654697295,20220608-140815,STD_v2_bcddc2cfcb68,,11,GPS,51.217252,0.436835,
1935,1654697325,20220608-140845,STD_v2_bcddc2cfcb68,,11,GPS,51.217252,0.436835,
1936,1654697355,20220608-140915,STD_v2_bcddc2cfcb68,,11,GPS,51.217252,0.436836,
1937,1654697384,20220608-140944,STD_v2_bcddc2cfcb68,,11,GPS,51.217253,0.436841,
1938,1654697415,20220608-141015,STD_v2_bcddc2cfcb68,,11,GPS,51.217253,0.436844,
1939,1654697445,20220608-141045,STD_v2_bcddc2cfcb68,,11,GPS,51.217253,0.436847,
1940,1654697475,20220608-141115,STD_v2_bcddc2cfcb68,,11,GPS,51.217253,0.436848,
1941,1654697504,20220608-141144,STD_v2_bcddc2cfcb68,,11,GPS,51.217253,0.436849,
1942,1654697534,20220608-141214,STD_v2_bcddc2cfcb68,,11,GPS,51.217253,0.436850,
1943,1654697564,20220608-141244,STD_v2_bcddc2cfcb68,,11,GPS,51.217254,0.436851,
1944,1654697595,20220608-141315,STD_v2_bcddc2cfcb68,,11,GPS,51.217254,0.436852,
1945,1654697625,20220608-141345,STD_v2_bcddc2cfcb68,,11,GPS,51.217254,0.436853,
1946,1654697654,20220608-141414,STD_v2_bcddc2cfcb68,,11,GPS,51.217254,0.436854,
1947,1654697685,20220608-141445,STD_v2_bcddc2cfcb68,,11,GPS,51.217254,0.436855,
1948,1654697715,20220608-141515,STD_v2_bcddc2cfcb68,,11,GPS,51.217253,0.436856,
1949,1654697745,20220608-141545,STD_v2_bcddc2cfcb68,,11,GPS,51.217253,0.436856,
1950,1654697774,20220608-141614,STD_v2_bcddc2cfcb68,,11,GPS,51.217253,0.436856,
1951,1654697804,20220608-141644,STD_v2_bcddc2cfcb68,,11,GPS,51.217253,0.436857,
1952,1654697835,20220608-141715,STD_v2_bcddc2cfcb68,,11,GPS,51.217253,0.436858,
1953,1654697864,20220608-141744,STD_v2_bcddc2cfcb68,,11,GPS,51.217253,0.436858,
1954,1654697895,20220608-141815,STD_v2_bcddc2cfcb68,,11,GPS,51.217253,0.436859,
1955,1654697925,20220608-141845,STD_v2_bcddc2cfcb68,,11,GPS,51.217253,0.436859,
1956,1654697955,20220608-141915,STD_v2_bcddc2cfcb68,,11,GPS,51.217265,0.436835,
1957,1654697987,20220608-141947,STD_v2_bcddc2cfcb68,,11,GPS,51.217360,0.436876,
1958,1654698016,20220608-142016,STD_v2_bcddc2cfcb68,,11,GPS,51.217361,0.436890,
1959,1654698046,20220608-142046,STD_v2_bcddc2cfcb68,,11,GPS,51.217363,0.436890,
1960,1654698075,20220608-142115,STD_v2_bcddc2cfcb68,,11,GPS,51.217364,0.436890,
1961,1654698106,20220608-142146,STD_v2_bcddc2cfcb68,,11,GPS,51.217365,0.436890,
1962,1654698138,20220608-142218,STD_v2_bcddc2cfcb68,,11,GPS,51.217365,0.436890,
1963,1654698171,20220608-142251,STD_v2_bcddc2cfcb68,,11,GPS,51.217366,0.436889,
1964,1654698197,20220608-142317,STD_v2_bcddc2cfcb68,,11,GPS,51.217366,0.436889,
1965,1654698226,20220608-142346,STD_v2_bcddc2cfcb68,,11,GPS,51.217366,0.436888,
1966,1654698257,20220608-142417,STD_v2_bcddc2cfcb68,,11,GPS,51.217367,0.436888,
1967,1654698321,20220608-142521,STD_v2_bcddc2cfcb68,,11,GPS,51.217367,0.436888,
1968,1654698353,20220608-142553,STD_v2_bcddc2cfcb68,,11,GPS,51.217367,0.436887,
1969,1654698398,20220608-142638,STD_v2_bcddc2cfcb68,,11,GPS,51.217368,0.436886,
1970,1654698438,20220608-142718,STD_v2_bcddc2cfcb68,,11,GPS,51.217368,0.436886,
1971,1654698465,20220608-142745,STD_v2_bcddc2cfcb68,,11,GPS,51.217369,0.436885,
1972,1654698496,20220608-142816,STD_v2_bcddc2cfcb68,,11,GPS,51.217369,0.436885,
1973,1654698525,20220608-142845,STD_v2_bcddc2cfcb68,,11,GPS,51.217369,0.436886,
1974,1654698555,20220608-142915,STD_v2_bcddc2cfcb68,,11,GPS,51.217369,0.436886,
1975,1654698585,20220608-142945,STD_v2_bcddc2cfcb68,,11,GPS,51.217370,0.436886,
1976,1654698615,20220608-143015,STD_v2_bcddc2cfcb68,,11,GPS,51.217370,0.436886,
1977,1654698645,20220608-143045,STD_v2_bcddc2cfcb68,,11,GPS,51.217370,0.436886,
1978,1654698675,20220608-143115,STD_v2_bcddc2cfcb68,,11,GPS,51.217371,0.436885,
1979,1654698705,20220608-143145,STD_v2_bcddc2cfcb68,,11,GPS,51.217371,0.436885,
1980,1654698735,20220608-143215,STD_v2_bcddc2cfcb68,,11,GPS,51.217371,0.436885,
1981,1654698769,20220608-143249,STD_v2_bcddc2cfcb68,,11,GPS,51.217371,0.436885,
1982,1654698800,20220608-143320,STD_v2_bcddc2cfcb68,,11,GPS,51.217372,0.436885,
1983,1654698828,20220608-143348,STD_v2_bcddc2cfcb68,,11,GPS,51.217372,0.436884,
1984,1654698855,20220608-143415,STD_v2_bcddc2cfcb68,,11,GPS,51.217372,0.436884,
1985,1654698885,20220608-143445,STD_v2_bcddc2cfcb68,,11,GPS,51.217372,0.436884,
1986,1654698915,20220608-143515,STD_v2_bcddc2cfcb68,,11,GPS,51.217372,0.436884,
1987,1654698945,20220608-143545,STD_v2_bcddc2cfcb68,,11,GPS,51.217372,0.436884,
1988,1654698975,20220608-143615,STD_v2_bcddc2cfcb68,,11,GPS,51.217372,0.436884,
1989,1654699006,20220608-143646,STD_v2_bcddc2cfcb68,,11,GPS,51.217372,0.436884,
1990,1654761248,20220609-075408,STD_v2_246f284a6c94,,3,GPS,-1,-1,
1991,1654761261,20220609-075421,STD_v2_246f284a6c94,,3,GPS,-1,-1,
1992,1654761275,20220609-075435,STD_v2_246f284a6c94,,3,GPS,-1,-1,
1993,1654761290,20220609-075450,STD_v2_246f284a6c94,,3,GPS,-1,-1,
1994,1654761303,20220609-075503,STD_v2_246f284a6c94,,3,GPS,-1,-1,
1995,1654761317,20220609-075517,STD_v2_246f284a6c94,,3,GPS,-1,-1,
1996,1654761332,20220609-075532,STD_v2_246f284a6c94,,3,GPS,-1,-1,
1997,1654761345,20220609-075545,STD_v2_246f284a6c94,,3,GPS,-1,-1,
1998,1654761359,20220609-075559,STD_v2_246f284a6c94,,3,GPS,-1,-1,
1999,1654761373,20220609-075613,STD_v2_246f284a6c94,,3,GPS,-1,-1,
2000,1654761387,20220609-075627,STD_v2_246f284a6c94,,3,GPS,-1,-1,
2001,1654761401,20220609-075641,STD_v2_246f284a6c94,,3,GPS,-1,-1,
2002,1654761415,20220609-075655,STD_v2_246f284a6c94,,3,GPS,-1,-1,
2003,1654761429,20220609-075709,STD_v2_246f284a6c94,,3,GPS,-1,-1,
2004,1654761443,20220609-075723,STD_v2_246f284a6c94,,3,GPS,-1,-1,
2005,1654761457,20220609-075737,STD_v2_246f284a6c94,,3,GPS,-1,-1,
2006,1654761472,20220609-075752,STD_v2_246f284a6c94,,3,GPS,-1,-1,
2007,1654761485,20220609-075805,STD_v2_246f284a6c94,,3,GPS,-1,-1,
2008,1654761500,20220609-075820,STD_v2_246f284a6c94,,3,GPS,-1,-1,
2009,1654761513,20220609-075833,STD_v2_246f284a6c94,,3,GPS,-1,-1,
2010,1654761527,20220609-075847,STD_v2_246f284a6c94,,3,GPS,-1,-1,
2011,1654761541,20220609-075901,STD_v2_246f284a6c94,,3,GPS,-1,-1,
2012,1654761556,20220609-075916,STD_v2_246f284a6c94,,3,GPS,-1,-1,
2013,1654761569,20220609-075929,STD_v2_246f284a6c94,,3,GPS,-1,-1,
2014,1654761584,20220609-075944,STD_v2_246f284a6c94,,3,GPS,-1,-1,
2015,1654761597,20220609-075957,STD_v2_246f284a6c94,,3,GPS,-1,-1,
2016,1654761611,20220609-080011,STD_v2_246f284a6c94,,3,GPS,-1,-1,
2017,1654761625,20220609-080025,STD_v2_246f284a6c94,,3,GPS,-1,-1,
2018,1654761639,20220609-080039,STD_v2_246f284a6c94,,3,GPS,-1,-1,
2019,1654761653,20220609-080053,STD_v2_246f284a6c94,,3,GPS,-1,-1,
2020,1654761667,20220609-080107,STD_v2_246f284a6c94,,3,GPS,-1,-1,
2021,1654761681,20220609-080121,STD_v2_246f284a6c94,,3,GPS,-1,-1,
2022,1654761695,20220609-080135,STD_v2_246f284a6c94,,3,GPS,-1,-1,
2023,1654761709,20220609-080149,STD_v2_246f284a6c94,,3,GPS,-1,-1,
2024,1654761723,20220609-080203,STD_v2_246f284a6c94,,3,GPS,-1,-1,
2025,1654761737,20220609-080217,STD_v2_246f284a6c94,,3,GPS,-1,-1,
2026,1654761751,20220609-080231,STD_v2_246f284a6c94,,3,GPS,-1,-1,
2027,1654761765,20220609-080245,STD_v2_246f284a6c94,,3,GPS,-1,-1,
2028,1654761779,20220609-080259,STD_v2_246f284a6c94,,3,GPS,-1,-1,
2029,1654761793,20220609-080313,STD_v2_246f284a6c94,,3,GPS,-1,-1,
2030,1654761807,20220609-080327,STD_v2_246f284a6c94,,3,GPS,-1,-1,
2031,1654761821,20220609-080341,STD_v2_246f284a6c94,,3,GPS,-1,-1,
2032,1654761835,20220609-080355,STD_v2_246f284a6c94,,3,GPS,-1,-1,
2033,1654761849,20220609-080409,STD_v2_246f284a6c94,,3,GPS,-1,-1,
2034,1654761863,20220609-080423,STD_v2_246f284a6c94,,3,GPS,-1,-1,
2035,1654761877,20220609-080437,STD_v2_246f284a6c94,,3,GPS,-1,-1,
2036,1654761891,20220609-080451,STD_v2_246f284a6c94,,3,GPS,-1,-1,
2037,1654761905,20220609-080505,STD_v2_246f284a6c94,,3,GPS,-1,-1,
2038,1654761919,20220609-080519,STD_v2_246f284a6c94,,3,GPS,-1,-1,
2039,1654761933,20220609-080533,STD_v2_246f284a6c94,,3,GPS,-1,-1,
2040,1654761947,20220609-080547,STD_v2_246f284a6c94,,3,GPS,-1,-1,
2041,1654761961,20220609-080601,STD_v2_246f284a6c94,,3,GPS,-1,-1,
2042,1654761975,20220609-080615,STD_v2_246f284a6c94,,3,GPS,-1,-1,
2043,1654761989,20220609-080629,STD_v2_246f284a6c94,,3,GPS,-1,-1,
2044,1654762003,20220609-080643,STD_v2_246f284a6c94,,3,GPS,-1,-1,
2045,1654762017,20220609-080657,STD_v2_246f284a6c94,,3,GPS,-1,-1,
2046,1654762031,20220609-080711,STD_v2_246f284a6c94,,3,GPS,-1,-1,
2047,1654762045,20220609-080725,STD_v2_246f284a6c94,,3,GPS,-1,-1,
2048,1654762059,20220609-080739,STD_v2_246f284a6c94,,3,GPS,-1,-1,
2049,1654762073,20220609-080753,STD_v2_246f284a6c94,,3,GPS,53.250651,-0.544513,
2050,1654762110,20220609-080830,STD_v2_246f284a6c94,,3,GPS,53.250647,-0.544513,
2051,1654762130,20220609-080850,STD_v2_246f284a6c94,,3,GPS,53.250646,-0.544513,
2052,1654762150,20220609-080910,STD_v2_246f284a6c94,,3,GPS,53.250646,-0.544513,
2053,1654762170,20220609-080930,STD_v2_246f284a6c94,,3,GPS,53.250645,-0.544513,
2054,1654762190,20220609-080950,STD_v2_246f284a6c94,,3,GPS,53.250644,-0.544514,
2055,1654762210,20220609-081010,STD_v2_246f284a6c94,,3,GPS,53.250633,-0.544575,
2056,1654762230,20220609-081030,STD_v2_246f284a6c94,,3,GPS,53.250632,-0.544575,
2057,1654762250,20220609-081050,STD_v2_246f284a6c94,,3,GPS,53.250632,-0.544574,
2058,1654762270,20220609-081110,STD_v2_246f284a6c94,,3,GPS,53.250633,-0.544572,
2059,1654762290,20220609-081130,STD_v2_246f284a6c94,,3,GPS,53.250634,-0.544570,
2060,1654762310,20220609-081150,STD_v2_246f284a6c94,,3,GPS,53.250636,-0.544566,
2061,1654762330,20220609-081210,STD_v2_246f284a6c94,,3,GPS,53.250637,-0.544561,
2062,1654762350,20220609-081230,STD_v2_246f284a6c94,,3,GPS,53.250638,-0.544558,
2063,1654762370,20220609-081250,STD_v2_246f284a6c94,,3,GPS,53.250642,-0.544560,
2064,1654762390,20220609-081310,STD_v2_246f284a6c94,,3,GPS,53.250650,-0.544550,
2065,1654762411,20220609-081331,STD_v2_246f284a6c94,,3,GPS,53.250650,-0.544555,
2066,1654762430,20220609-081350,STD_v2_246f284a6c94,,3,GPS,53.250650,-0.544558,
2067,1654762450,20220609-081410,STD_v2_246f284a6c94,,3,GPS,53.250648,-0.544545,
2068,1654762471,20220609-081431,STD_v2_246f284a6c94,,3,GPS,53.250647,-0.544529,
2069,1654762490,20220609-081450,STD_v2_246f284a6c94,,3,GPS,53.250647,-0.544528,
2070,1654762510,20220609-081510,STD_v2_246f284a6c94,,3,GPS,53.250653,-0.544506,
2071,1654762530,20220609-081530,STD_v2_246f284a6c94,,3,GPS,53.250654,-0.544503,
2072,1654762550,20220609-081550,STD_v2_246f284a6c94,,3,GPS,53.250654,-0.544503,
2073,1654767117,20220609-093157,STD_v2_bcddc2cfcb68,,11,GPS,51.217387,0.436634,
2074,1654767133,20220609-093213,STD_v2_bcddc2cfcb68,,11,GPS,51.217378,0.436690,
2075,1654767147,20220609-093227,STD_v2_bcddc2cfcb68,,11,GPS,51.217378,0.436691,
2076,1654767161,20220609-093241,STD_v2_bcddc2cfcb68,,11,GPS,51.217377,0.436692,
2077,1654767175,20220609-093255,STD_v2_bcddc2cfcb68,,11,GPS,51.217376,0.436693,
2078,1654767189,20220609-093309,STD_v2_bcddc2cfcb68,,11,GPS,51.217381,0.436707,
2079,1654767203,20220609-093323,STD_v2_bcddc2cfcb68,,11,GPS,51.217380,0.436707,
2080,1654767240,20220609-093400,STD_v2_bcddc2cfcb68,,11,GPS,51.217381,0.436709,
2081,1654767268,20220609-093428,STD_v2_bcddc2cfcb68,,11,GPS,51.217380,0.436709,
2082,1654767298,20220609-093458,STD_v2_bcddc2cfcb68,,11,GPS,51.217379,0.436709,
2083,1654767328,20220609-093528,STD_v2_bcddc2cfcb68,,11,GPS,51.217379,0.436710,
2084,1654767358,20220609-093558,STD_v2_bcddc2cfcb68,,11,GPS,51.217379,0.436710,
2085,1654767388,20220609-093628,STD_v2_bcddc2cfcb68,,11,GPS,51.217378,0.436710,
2086,1654767418,20220609-093658,STD_v2_bcddc2cfcb68,,11,GPS,51.217377,0.436711,
2087,1654767448,20220609-093728,STD_v2_bcddc2cfcb68,,11,GPS,51.217377,0.436711,
2088,1654767478,20220609-093758,STD_v2_bcddc2cfcb68,,11,GPS,51.217377,0.436712,
2089,1654767509,20220609-093829,STD_v2_bcddc2cfcb68,,11,GPS,51.217376,0.436713,
2090,1654767538,20220609-093858,STD_v2_bcddc2cfcb68,,11,GPS,51.217375,0.436714,
2091,1654767569,20220609-093929,STD_v2_bcddc2cfcb68,,11,GPS,51.217375,0.436714,
2092,1654767598,20220609-093958,STD_v2_bcddc2cfcb68,,11,GPS,51.217375,0.436714,
2093,1654767628,20220609-094028,STD_v2_bcddc2cfcb68,,11,GPS,51.217375,0.436713,
2094,1654767658,20220609-094058,STD_v2_bcddc2cfcb68,,11,GPS,51.217374,0.436714,
2095,1654767688,20220609-094128,STD_v2_bcddc2cfcb68,,11,GPS,51.217373,0.436714,
2096,1654767718,20220609-094158,STD_v2_bcddc2cfcb68,,11,GPS,51.217373,0.436714,
2097,1654767748,20220609-094228,STD_v2_bcddc2cfcb68,,11,GPS,51.217374,0.436714,
2098,1654767778,20220609-094258,STD_v2_bcddc2cfcb68,,11,GPS,51.217374,0.436713,
2099,1654767808,20220609-094328,STD_v2_bcddc2cfcb68,,11,GPS,51.217374,0.436712,
2100,1654767838,20220609-094358,STD_v2_bcddc2cfcb68,,11,GPS,51.217373,0.436713,
2101,1654767868,20220609-094428,STD_v2_bcddc2cfcb68,,11,GPS,51.217374,0.436713,
2102,1654767898,20220609-094458,STD_v2_bcddc2cfcb68,,11,GPS,51.217374,0.436714,
2103,1654767928,20220609-094528,STD_v2_bcddc2cfcb68,,11,GPS,51.217374,0.436713,
2104,1654767958,20220609-094558,STD_v2_bcddc2cfcb68,,11,GPS,51.217374,0.436713,
2105,1654767988,20220609-094628,STD_v2_bcddc2cfcb68,,11,GPS,51.217374,0.436713,
2106,1654768018,20220609-094658,STD_v2_bcddc2cfcb68,,11,GPS,51.217374,0.436712,
2107,1654768048,20220609-094728,STD_v2_bcddc2cfcb68,,11,GPS,51.217374,0.436712,
2108,1654768078,20220609-094758,STD_v2_bcddc2cfcb68,,11,GPS,51.217373,0.436713,
2109,1654768108,20220609-094828,STD_v2_bcddc2cfcb68,,11,GPS,51.217373,0.436712,
2110,1654768138,20220609-094858,STD_v2_bcddc2cfcb68,,11,GPS,51.217373,0.436712,
2111,1654768168,20220609-094928,STD_v2_bcddc2cfcb68,,11,GPS,51.217373,0.436712,
2112,1654768198,20220609-094958,STD_v2_bcddc2cfcb68,,11,GPS,51.217373,0.436712,
2113,1654768228,20220609-095028,STD_v2_bcddc2cfcb68,,11,GPS,51.217373,0.436711,
2114,1654768258,20220609-095058,STD_v2_bcddc2cfcb68,,11,GPS,51.217372,0.436712,
2115,1654768288,20220609-095128,STD_v2_bcddc2cfcb68,,11,GPS,51.217372,0.436711,
2116,1654768318,20220609-095158,STD_v2_bcddc2cfcb68,,11,GPS,51.217372,0.436711,
2117,1654768348,20220609-095228,STD_v2_bcddc2cfcb68,,11,GPS,51.217372,0.436711,
2118,1654768378,20220609-095258,STD_v2_bcddc2cfcb68,,11,GPS,51.217372,0.436711,
2119,1654768408,20220609-095328,STD_v2_bcddc2cfcb68,,11,GPS,51.217371,0.436712,
2120,1654768438,20220609-095358,STD_v2_bcddc2cfcb68,,11,GPS,51.217371,0.436712,
2121,1654768468,20220609-095428,STD_v2_bcddc2cfcb68,,11,GPS,51.217371,0.436712,
2122,1654768498,20220609-095458,STD_v2_bcddc2cfcb68,,11,GPS,51.217370,0.436711,
2123,1654768528,20220609-095528,STD_v2_bcddc2cfcb68,,11,GPS,51.217370,0.436712,
2124,1654768558,20220609-095558,STD_v2_bcddc2cfcb68,,11,GPS,51.217369,0.436712,
2125,1654768588,20220609-095628,STD_v2_bcddc2cfcb68,,11,GPS,51.217368,0.436712,
2126,1654768618,20220609-095658,STD_v2_bcddc2cfcb68,,11,GPS,51.217368,0.436713,
2127,1654768648,20220609-095728,STD_v2_bcddc2cfcb68,,11,GPS,51.217367,0.436713,
2128,1654768678,20220609-095758,STD_v2_bcddc2cfcb68,,11,GPS,51.217367,0.436713,
2129,1654768708,20220609-095828,STD_v2_bcddc2cfcb68,,11,GPS,51.217366,0.436714,
2130,1654768738,20220609-095858,STD_v2_bcddc2cfcb68,,11,GPS,51.217366,0.436714,
2131,1654768768,20220609-095928,STD_v2_bcddc2cfcb68,,11,GPS,51.217365,0.436714,
2132,1654768798,20220609-095958,STD_v2_bcddc2cfcb68,,11,GPS,51.217365,0.436715,
2133,1654768828,20220609-100028,STD_v2_bcddc2cfcb68,,11,GPS,51.217365,0.436715,
2134,1654768858,20220609-100058,STD_v2_bcddc2cfcb68,,11,GPS,51.217365,0.436715,
2135,1654768888,20220609-100128,STD_v2_bcddc2cfcb68,,11,GPS,51.217364,0.436716,
2136,1654768919,20220609-100159,STD_v2_bcddc2cfcb68,,11,GPS,51.217363,0.436716,
2137,1654768948,20220609-100228,STD_v2_bcddc2cfcb68,,11,GPS,51.217363,0.436716,
2138,1654768978,20220609-100258,STD_v2_bcddc2cfcb68,,11,GPS,51.217362,0.436716,
2139,1654769008,20220609-100328,STD_v2_bcddc2cfcb68,,11,GPS,51.217362,0.436716,
2140,1654769038,20220609-100358,STD_v2_bcddc2cfcb68,,11,GPS,51.217362,0.436716,
2141,1654769070,20220609-100430,STD_v2_bcddc2cfcb68,,11,GPS,51.217362,0.436716,
2142,1654769101,20220609-100501,STD_v2_bcddc2cfcb68,,11,GPS,51.217372,0.436801,
2143,1654769129,20220609-100529,STD_v2_bcddc2cfcb68,,11,GPS,51.217349,0.436790,
2144,1654769164,20220609-100604,STD_v2_bcddc2cfcb68,,11,GPS,51.217352,0.436794,
2145,1654769189,20220609-100629,STD_v2_bcddc2cfcb68,,11,GPS,51.217352,0.436794,
2146,1654769263,20220609-100743,STD_v2_bcddc2cfcb68,,11,GPS,51.217352,0.436794,
2147,1654769315,20220609-100835,STD_v2_bcddc2cfcb68,,11,GPS,51.217352,0.436793,
2148,1654769341,20220609-100901,STD_v2_bcddc2cfcb68,,11,GPS,51.217343,0.436821,
2149,1654769370,20220609-100930,STD_v2_bcddc2cfcb68,,11,GPS,51.217343,0.436821,
2150,1654769406,20220609-101006,STD_v2_bcddc2cfcb68,,11,GPS,51.217346,0.436821,
2151,1654769428,20220609-101028,STD_v2_bcddc2cfcb68,,11,GPS,51.217346,0.436820,
2152,1654774535,20220609-113535,STD_v2_bcddc2cfcb68,,11,GPS,51.217673,0.435548,
2153,1654774549,20220609-113549,STD_v2_bcddc2cfcb68,,11,GPS,51.217673,0.435548,
2154,1654774564,20220609-113604,STD_v2_bcddc2cfcb68,,11,GPS,51.217673,0.435548,
2155,1654774579,20220609-113619,STD_v2_bcddc2cfcb68,,11,GPS,51.217673,0.435548,
2156,1654774593,20220609-113633,STD_v2_bcddc2cfcb68,,11,GPS,51.217673,0.435548,
2157,1654774607,20220609-113647,STD_v2_bcddc2cfcb68,,11,GPS,51.217674,0.435548,
2158,1654774621,20220609-113701,STD_v2_bcddc2cfcb68,,11,GPS,51.217673,0.435548,
2159,1654774687,20220609-113807,STD_v2_bcddc2cfcb68,,11,GPS,51.217674,0.435548,
2160,1654774718,20220609-113838,STD_v2_bcddc2cfcb68,,11,GPS,51.217674,0.435548,
2161,1654774747,20220609-113907,STD_v2_bcddc2cfcb68,,11,GPS,51.217675,0.435549,
2162,1654774785,20220609-113945,STD_v2_bcddc2cfcb68,,11,GPS,51.217676,0.435549,
2163,1654774807,20220609-114007,STD_v2_bcddc2cfcb68,,11,GPS,51.217676,0.435549,
2164,1654774837,20220609-114037,STD_v2_bcddc2cfcb68,,11,GPS,51.217676,0.435549,
2165,1654774867,20220609-114107,STD_v2_bcddc2cfcb68,,11,GPS,51.217676,0.435549,
2166,1654774897,20220609-114137,STD_v2_bcddc2cfcb68,,11,GPS,51.217676,0.435549,
2167,1654774929,20220609-114209,STD_v2_bcddc2cfcb68,,11,GPS,51.217676,0.435549,
2168,1654774959,20220609-114239,STD_v2_bcddc2cfcb68,,11,GPS,51.217673,0.435550,
2169,1654774988,20220609-114308,STD_v2_bcddc2cfcb68,,11,GPS,51.217777,0.435582,
2170,1654775017,20220609-114337,STD_v2_bcddc2cfcb68,,11,GPS,51.217890,0.435656,
2171,1654775048,20220609-114408,STD_v2_bcddc2cfcb68,,11,GPS,51.218023,0.435764,
2172,1654775078,20220609-114438,STD_v2_bcddc2cfcb68,,11,GPS,51.218182,0.435840,
2173,1654775122,20220609-114522,STD_v2_bcddc2cfcb68,,11,GPS,51.218327,0.435917,
2174,1654775167,20220609-114607,STD_v2_bcddc2cfcb68,,11,GPS,51.218502,0.436014,
2175,1654775197,20220609-114637,STD_v2_bcddc2cfcb68,,11,GPS,51.218502,0.436014,
2176,1654775228,20220609-114708,STD_v2_bcddc2cfcb68,,11,GPS,51.218390,0.435966,
2177,1654775279,20220609-114759,STD_v2_bcddc2cfcb68,,11,GPS,51.218318,0.435934,
2178,1654775318,20220609-114838,STD_v2_bcddc2cfcb68,,11,GPS,51.218174,0.435819,
2179,1654775348,20220609-114908,STD_v2_bcddc2cfcb68,,11,GPS,51.218042,0.435775,
2180,1654775397,20220609-114957,STD_v2_bcddc2cfcb68,,11,GPS,51.217913,0.435645,
2181,1654775437,20220609-115037,STD_v2_bcddc2cfcb68,,11,GPS,51.217676,0.435516,
2182,1654775467,20220609-115107,STD_v2_bcddc2cfcb68,,11,GPS,51.217679,0.435516,
2183,1654775497,20220609-115137,STD_v2_bcddc2cfcb68,,11,GPS,51.217679,0.435515,
2184,1654775527,20220609-115207,STD_v2_bcddc2cfcb68,,11,GPS,51.217679,0.435515,
2185,1654775557,20220609-115237,STD_v2_bcddc2cfcb68,,11,GPS,51.217679,0.435515,
2186,1654775587,20220609-115307,STD_v2_bcddc2cfcb68,,11,GPS,51.217679,0.435515,
2187,1654775617,20220609-115337,STD_v2_bcddc2cfcb68,,11,GPS,51.217679,0.435515,
2188,1654775647,20220609-115407,STD_v2_bcddc2cfcb68,,11,GPS,51.217679,0.435514,
2189,1654775677,20220609-115437,STD_v2_bcddc2cfcb68,,11,GPS,51.217679,0.435514,
2190,1654775706,20220609-115506,STD_v2_bcddc2cfcb68,,11,GPS,51.217679,0.435514,
2191,1654775737,20220609-115537,STD_v2_bcddc2cfcb68,,11,GPS,51.217679,0.435514,
2192,1654775767,20220609-115607,STD_v2_bcddc2cfcb68,,11,GPS,51.217679,0.435514,
2193,1654775797,20220609-115637,STD_v2_bcddc2cfcb68,,11,GPS,51.217679,0.435514,
2194,1654775827,20220609-115707,STD_v2_bcddc2cfcb68,,11,GPS,51.217679,0.435514,
2195,1654775857,20220609-115737,STD_v2_bcddc2cfcb68,,11,GPS,51.217679,0.435514,
2196,1654775887,20220609-115807,STD_v2_bcddc2cfcb68,,11,GPS,51.217679,0.435513,
2197,1654775931,20220609-115851,STD_v2_bcddc2cfcb68,,11,GPS,51.217683,0.435509,
2198,1654776038,20220609-120038,STD_v2_bcddc2cfcb68,,11,GPS,51.218530,0.436050,
2199,1654776069,20220609-120109,STD_v2_bcddc2cfcb68,,11,GPS,51.218412,0.435936,
2200,1654776237,20220609-120357,STD_v2_bcddc2cfcb68,,11,GPS,51.218045,0.435707,
2201,1654777147,20220609-121907,STD_v2_bcddc2cfcb68,,11,GPS,51.217812,0.434857,
2202,1654777178,20220609-121938,STD_v2_bcddc2cfcb68,,11,GPS,51.217819,0.434751,
2203,1654777210,20220609-122010,STD_v2_bcddc2cfcb68,,11,GPS,51.217939,0.434558,
2204,1654780409,20220609-131329,STD_v2_bcddc2cfcb68,,11,GPS,51.218187,0.437635,
2205,1654780550,20220609-131550,STD_v2_bcddc2cfcb68,,11,GPS,51.218044,0.437395,
2206,1654780597,20220609-131637,STD_v2_bcddc2cfcb68,,11,GPS,51.217290,0.436902,
2207,1654780627,20220609-131707,STD_v2_bcddc2cfcb68,,11,GPS,51.217290,0.436902,
2208,1654780656,20220609-131736,STD_v2_bcddc2cfcb68,,11,GPS,51.217290,0.436902,
2209,1654780687,20220609-131807,STD_v2_bcddc2cfcb68,,11,GPS,51.217290,0.436902,
2210,1654780717,20220609-131837,STD_v2_bcddc2cfcb68,,11,GPS,51.217290,0.436902,
2211,1654780747,20220609-131907,STD_v2_bcddc2cfcb68,,11,GPS,51.217290,0.436902,
2212,1654780776,20220609-131936,STD_v2_bcddc2cfcb68,,11,GPS,51.217291,0.436902,
2213,1654780807,20220609-132007,STD_v2_bcddc2cfcb68,,11,GPS,51.217291,0.436903,
2214,1654780837,20220609-132037,STD_v2_bcddc2cfcb68,,11,GPS,51.217291,0.436903,
2215,1654780867,20220609-132107,STD_v2_bcddc2cfcb68,,11,GPS,51.217292,0.436904,
2216,1654780897,20220609-132137,STD_v2_bcddc2cfcb68,,11,GPS,51.217292,0.436905,
2217,1654780927,20220609-132207,STD_v2_bcddc2cfcb68,,11,GPS,51.217291,0.436905,
2218,1654780957,20220609-132237,STD_v2_bcddc2cfcb68,,11,GPS,51.217285,0.436915,
2219,1654780987,20220609-132307,STD_v2_bcddc2cfcb68,,11,GPS,51.217285,0.436915,
2220,1654781017,20220609-132337,STD_v2_bcddc2cfcb68,,11,GPS,51.217284,0.436915,
2221,1654781047,20220609-132407,STD_v2_bcddc2cfcb68,,11,GPS,51.217284,0.436916,
2222,1654781077,20220609-132437,STD_v2_bcddc2cfcb68,,11,GPS,51.217284,0.436916,
2223,1654781121,20220609-132521,STD_v2_bcddc2cfcb68,,11,GPS,51.217274,0.436857,
2224,1654781167,20220609-132607,STD_v2_bcddc2cfcb68,,11,GPS,51.217284,0.436866,
2225,1654781197,20220609-132637,STD_v2_bcddc2cfcb68,,11,GPS,51.217284,0.436866,
2226,1654781227,20220609-132707,STD_v2_bcddc2cfcb68,,11,GPS,51.217284,0.436865,
2227,1654781257,20220609-132737,STD_v2_bcddc2cfcb68,,11,GPS,51.217284,0.436865,
2228,1654781287,20220609-132807,STD_v2_bcddc2cfcb68,,11,GPS,51.217284,0.436865,
2229,1654781317,20220609-132837,STD_v2_bcddc2cfcb68,,11,GPS,51.217285,0.436865,
2230,1654781347,20220609-132907,STD_v2_bcddc2cfcb68,,11,GPS,51.217285,0.436865,
2231,1654781378,20220609-132938,STD_v2_bcddc2cfcb68,,11,GPS,51.217285,0.436864,
2232,1654781407,20220609-133007,STD_v2_bcddc2cfcb68,,11,GPS,51.217285,0.436864,
2233,1654781437,20220609-133037,STD_v2_bcddc2cfcb68,,11,GPS,51.217293,0.436862,
2234,1654781474,20220609-133114,STD_v2_bcddc2cfcb68,,11,GPS,51.217294,0.436862,
2235,1654781498,20220609-133138,STD_v2_bcddc2cfcb68,,11,GPS,51.217294,0.436862,
2236,1654781527,20220609-133207,STD_v2_bcddc2cfcb68,,11,GPS,51.217293,0.436862,
2237,1654781561,20220609-133241,STD_v2_bcddc2cfcb68,,11,GPS,51.217293,0.436861,
2238,1654781590,20220609-133310,STD_v2_bcddc2cfcb68,,11,GPS,51.217293,0.436861,
2239,1654781617,20220609-133337,STD_v2_bcddc2cfcb68,,11,GPS,51.217294,0.436860,
2240,1654781647,20220609-133407,STD_v2_bcddc2cfcb68,,11,GPS,51.217294,0.436860,
2241,1654781677,20220609-133437,STD_v2_bcddc2cfcb68,,11,GPS,51.217293,0.436860,
2242,1654781707,20220609-133507,STD_v2_bcddc2cfcb68,,11,GPS,51.217295,0.436860,
2243,1654781737,20220609-133537,STD_v2_bcddc2cfcb68,,11,GPS,51.217295,0.436859,
2244,1654781772,20220609-133612,STD_v2_bcddc2cfcb68,,11,GPS,51.217295,0.436859,
2245,1654781801,20220609-133641,STD_v2_bcddc2cfcb68,,11,GPS,51.217295,0.436858,
2246,1654781830,20220609-133710,STD_v2_bcddc2cfcb68,,11,GPS,51.217296,0.436858,
2247,1654781857,20220609-133737,STD_v2_bcddc2cfcb68,,11,GPS,51.217296,0.436857,
2248,1654781889,20220609-133809,STD_v2_bcddc2cfcb68,,11,GPS,51.217296,0.436857,
2249,1654781918,20220609-133838,STD_v2_bcddc2cfcb68,,11,GPS,51.217296,0.436857,
2250,1654781947,20220609-133907,STD_v2_bcddc2cfcb68,,11,GPS,51.217297,0.436856,
2251,1654781977,20220609-133937,STD_v2_bcddc2cfcb68,,11,GPS,51.217297,0.436856,
2252,1654782010,20220609-134010,STD_v2_bcddc2cfcb68,,11,GPS,51.217297,0.436855,
2253,1654782037,20220609-134037,STD_v2_bcddc2cfcb68,,11,GPS,51.217297,0.436855,
2254,1654782067,20220609-134107,STD_v2_bcddc2cfcb68,,11,GPS,51.217297,0.436855,
2255,1654782097,20220609-134137,STD_v2_bcddc2cfcb68,,11,GPS,51.217298,0.436854,
2256,1654782127,20220609-134207,STD_v2_bcddc2cfcb68,,11,GPS,51.217298,0.436854,
2257,1654782157,20220609-134237,STD_v2_bcddc2cfcb68,,11,GPS,51.217298,0.436854,
2258,1654782187,20220609-134307,STD_v2_bcddc2cfcb68,,11,GPS,51.217298,0.436854,
2259,1654782217,20220609-134337,STD_v2_bcddc2cfcb68,,11,GPS,51.217299,0.436853,
2260,1654782247,20220609-134407,STD_v2_bcddc2cfcb68,,11,GPS,51.217299,0.436852,
2261,1654782277,20220609-134437,STD_v2_bcddc2cfcb68,,11,GPS,51.217298,0.436852,
2262,1654782307,20220609-134507,STD_v2_bcddc2cfcb68,,11,GPS,51.217298,0.436851,
2263,1654782337,20220609-134537,STD_v2_bcddc2cfcb68,,11,GPS,51.217298,0.436851,
2264,1654782367,20220609-134607,STD_v2_bcddc2cfcb68,,11,GPS,51.217298,0.436851,
2265,1654782397,20220609-134637,STD_v2_bcddc2cfcb68,,11,GPS,51.217299,0.436850,
2266,1654782427,20220609-134707,STD_v2_bcddc2cfcb68,,11,GPS,51.217299,0.436850,
2267,1654782457,20220609-134737,STD_v2_bcddc2cfcb68,,11,GPS,51.217299,0.436850,
2268,1654782487,20220609-134807,STD_v2_bcddc2cfcb68,,11,GPS,51.217299,0.436850,
2269,1654782517,20220609-134837,STD_v2_bcddc2cfcb68,,11,GPS,51.217298,0.436851,
2270,1654782548,20220609-134908,STD_v2_bcddc2cfcb68,,11,GPS,51.217298,0.436851,
2271,1654782577,20220609-134937,STD_v2_bcddc2cfcb68,,11,GPS,51.217298,0.436851,
2272,1654782609,20220609-135009,STD_v2_bcddc2cfcb68,,11,GPS,51.217298,0.436851,
2273,1654782637,20220609-135037,STD_v2_bcddc2cfcb68,,11,GPS,51.217298,0.436851,
2274,1654782667,20220609-135107,STD_v2_bcddc2cfcb68,,11,GPS,51.217298,0.436851,
2275,1654782700,20220609-135140,STD_v2_bcddc2cfcb68,,11,GPS,51.217298,0.436851,
2276,1654782727,20220609-135207,STD_v2_bcddc2cfcb68,,11,GPS,51.217297,0.436851,
2277,1654782757,20220609-135237,STD_v2_bcddc2cfcb68,,11,GPS,51.217297,0.436851,
2278,1654782788,20220609-135308,STD_v2_bcddc2cfcb68,,11,GPS,51.217297,0.436851,
2279,1654782818,20220609-135338,STD_v2_bcddc2cfcb68,,11,GPS,51.217297,0.436851,
2280,1654782847,20220609-135407,STD_v2_bcddc2cfcb68,,11,GPS,51.217297,0.436851,
2281,1654782877,20220609-135437,STD_v2_bcddc2cfcb68,,11,GPS,51.217297,0.436851,
2282,1654782907,20220609-135507,STD_v2_bcddc2cfcb68,,11,GPS,51.217297,0.436851,
2283,1654782940,20220609-135540,STD_v2_bcddc2cfcb68,,11,GPS,51.217297,0.436851,
2284,1654782972,20220609-135612,STD_v2_bcddc2cfcb68,,11,GPS,51.217297,0.436851,
2285,1654782999,20220609-135639,STD_v2_bcddc2cfcb68,,11,GPS,51.217297,0.436850,
2286,1654783027,20220609-135707,STD_v2_bcddc2cfcb68,,11,GPS,51.217297,0.436850,
2287,1654783075,20220609-135755,STD_v2_bcddc2cfcb68,,11,GPS,51.217297,0.436850,
2288,1654783117,20220609-135837,STD_v2_bcddc2cfcb68,,11,GPS,51.217297,0.436849,
2289,1654783180,20220609-135940,STD_v2_bcddc2cfcb68,,11,GPS,51.217299,0.436848,
2290,1654783212,20220609-140012,STD_v2_bcddc2cfcb68,,11,GPS,51.217299,0.436848,
2291,1654783237,20220609-140037,STD_v2_bcddc2cfcb68,,11,GPS,51.217284,0.436858,
2292,1654783267,20220609-140107,STD_v2_bcddc2cfcb68,,11,GPS,51.217285,0.436846,
2293,1654783297,20220609-140137,STD_v2_bcddc2cfcb68,,11,GPS,51.217285,0.436846,
2294,1654783327,20220609-140207,STD_v2_bcddc2cfcb68,,11,GPS,51.217284,0.436846,
2295,1654783359,20220609-140239,STD_v2_bcddc2cfcb68,,11,GPS,51.217284,0.436846,
2296,1654783387,20220609-140307,STD_v2_bcddc2cfcb68,,11,GPS,51.217284,0.436846,
2297,1654783417,20220609-140337,STD_v2_bcddc2cfcb68,,11,GPS,51.217284,0.436847,
2298,1654783457,20220609-140417,STD_v2_bcddc2cfcb68,,11,GPS,51.217285,0.436847,
2299,1654783477,20220609-140437,STD_v2_bcddc2cfcb68,,11,GPS,51.217285,0.436848,
2300,1654783510,20220609-140510,STD_v2_bcddc2cfcb68,,11,GPS,51.217285,0.436848,
2301,1654783537,20220609-140537,STD_v2_bcddc2cfcb68,,11,GPS,51.217284,0.436848,
2302,1654783567,20220609-140607,STD_v2_bcddc2cfcb68,,11,GPS,51.217284,0.436848,
2303,1654783597,20220609-140637,STD_v2_bcddc2cfcb68,,11,GPS,51.217284,0.436848,
2304,1654783627,20220609-140707,STD_v2_bcddc2cfcb68,,11,GPS,51.217283,0.436848,
2305,1654783657,20220609-140737,STD_v2_bcddc2cfcb68,,11,GPS,51.217283,0.436848,
2306,1654783699,20220609-140819,STD_v2_bcddc2cfcb68,,11,GPS,51.217283,0.436849,
2307,1654783748,20220609-140908,STD_v2_bcddc2cfcb68,,11,GPS,51.217282,0.436849,
2308,1654783777,20220609-140937,STD_v2_bcddc2cfcb68,,11,GPS,51.217282,0.436849,
2309,1654783807,20220609-141007,STD_v2_bcddc2cfcb68,,11,GPS,51.217282,0.436850,
2310,1654783844,20220609-141044,STD_v2_bcddc2cfcb68,,11,GPS,51.217282,0.436850,
2311,1654783867,20220609-141107,STD_v2_bcddc2cfcb68,,11,GPS,51.217282,0.436850,
2312,1654783897,20220609-141137,STD_v2_bcddc2cfcb68,,11,GPS,51.217282,0.436850,
2313,1654783932,20220609-141212,STD_v2_bcddc2cfcb68,,11,GPS,51.217280,0.436851,
2314,1654783958,20220609-141238,STD_v2_bcddc2cfcb68,,11,GPS,51.217280,0.436851,
2315,1654783987,20220609-141307,STD_v2_bcddc2cfcb68,,11,GPS,51.217279,0.436852,
2316,1654784018,20220609-141338,STD_v2_bcddc2cfcb68,,11,GPS,51.217279,0.436852,
2317,1654784047,20220609-141407,STD_v2_bcddc2cfcb68,,11,GPS,51.217279,0.436852,
2318,1654784088,20220609-141448,STD_v2_bcddc2cfcb68,,11,GPS,51.217296,0.436846,
2319,1654784110,20220609-141510,STD_v2_bcddc2cfcb68,,11,GPS,51.217296,0.436846,
2320,1654784162,20220609-141602,STD_v2_bcddc2cfcb68,,11,GPS,51.217296,0.436846,